<?xml version="1.0" encoding="UTF-8"?>
<testng-results ignored="0" total="1" passed="1" failed="0" skipped="0">
  <reporter-output>
  </reporter-output>
  <suite started-at="2024-12-05T09:53:13 EST" name="Default suite" finished-at="2024-12-05T09:53:13 EST" duration-ms="58">
    <groups>
    </groups>
    <test started-at="2024-12-05T09:53:13 EST" name="Default test" finished-at="2024-12-05T09:53:13 EST" duration-ms="58">
      <class name="ChildHs">
        <test-method is-config="true" signature="beforeRun()[pri:0, instance:ChildHs@29d89d5d]" started-at="2024-12-05T09:53:13 EST" name="beforeRun" finished-at="2024-12-05T09:53:13 EST" duration-ms="5" status="PASS">
          <reporter-output>
          </reporter-output>
        </test-method> <!-- beforeRun -->
        <test-method signature="testRun()[pri:0, instance:ChildHs@29d89d5d]" started-at="2024-12-05T09:53:13 EST" name="testRun" finished-at="2024-12-05T09:53:13 EST" duration-ms="11" status="PASS">
          <reporter-output>
          </reporter-output>
        </test-method> <!-- testRun -->
        <test-method is-config="true" signature="afterRun()[pri:0, instance:ChildHs@29d89d5d]" started-at="2024-12-05T09:53:13 EST" name="afterRun" finished-at="2024-12-05T09:53:13 EST" duration-ms="1" status="PASS">
          <reporter-output>
          </reporter-output>
        </test-method> <!-- afterRun -->
      </class> <!-- ChildHs -->
    </test> <!-- Default test -->
  </suite> <!-- Default suite -->
</testng-results>
